<?xml version="1.0" encoding="UTF-8"?>
<!-- Generated by org.testng.reporters.JUnitReportReporter -->
<testsuite hostname="DESKTOP-6GIO5QQ" failures="0" tests="1" name="com.shoponline.ShoponlineApplicationTests" time="18.897" errors="0" timestamp="2022-12-28T13:12:07 IST" skipped="0">
  <testcase classname="com.shoponline.ShoponlineApplicationTests" name="cart" time="18.897"/>
  <system-out/>
</testsuite> <!-- com.shoponline.ShoponlineApplicationTests -->
