<?xml version="1.0" encoding="UTF-8"?>
<!-- Generated by org.testng.reporters.JUnitReportReporter -->
<testsuite hostname="DESKTOP-6GIO5QQ" failures="0" tests="1" name="com.shoponline.ShoponlineApplicationTests" time="43.291" errors="0" timestamp="2023-01-03T17:01:13 IST" skipped="0">
  <testcase classname="com.shoponline.ShoponlineApplicationTests" name="cart" time="43.291"/>
  <system-out/>
</testsuite> <!-- com.shoponline.ShoponlineApplicationTests -->
